\BOOKMARK [1][-]{section.1}{\376\377\000I\000n\000t\000r\000o\000d\000u\000c\000t\000i\000o\000n}{}% 1
\BOOKMARK [1][-]{section.2}{\376\377\000E\000C\000B\000'\000s\000\040\000C\000o\000m\000m\000u\000n\000i\000c\000a\000t\000i\000o\000n\000\040\000O\000v\000e\000r\000v\000i\000e\000w}{}% 2
\BOOKMARK [2][-]{subsection.2.1}{\376\377\000W\000h\000y\000\040\000E\000C\000B\000'\000s\000\040\000C\000o\000m\000m\000u\000n\000i\000c\000a\000t\000i\000o\000n\000\040\000M\000a\000t\000t\000e\000r\000s\000?}{section.2}% 3
\BOOKMARK [2][-]{subsection.2.2}{\376\377\000T\000h\000e\000\040\000I\000n\000f\000o\000r\000m\000a\000t\000i\000v\000e\000n\000e\000s\000s\000\040\000i\000n\000\040\000t\000h\000e\000\040\000S\000p\000e\000e\000c\000h\000e\000s\000\040\000v\000s\000.\000\040\000O\000t\000h\000e\000r\000\040\000M\000e\000a\000n\000s\000\040\000o\000f\000\040\000t\000h\000e\000\040\000E\000C\000B\000'\000s\000\040\000C\000o\000m\000m\000u\000n\000i\000c\000a\000t\000i\000o\000n}{section.2}% 4
\BOOKMARK [1][-]{section.3}{\376\377\000L\000i\000t\000e\000r\000a\000t\000u\000r\000e\000\040\000R\000e\000v\000i\000e\000w}{}% 5
\BOOKMARK [2][-]{subsection.3.1}{\376\377\000C\000e\000n\000t\000r\000a\000l\000\040\000B\000a\000n\000k\000\040\000C\000o\000m\000m\000u\000n\000i\000c\000a\000t\000i\000o\000n\000\040\000a\000n\000d\000\040\000A\000s\000s\000e\000t\000\040\000P\000r\000i\000c\000e\000s}{section.3}% 6
\BOOKMARK [2][-]{subsection.3.2}{\376\377\000Q\000u\000a\000n\000t\000i\000f\000y\000i\000n\000g\000\040\000C\000e\000n\000t\000r\000a\000l\000\040\000B\000a\000n\000k\000\040\000C\000o\000m\000m\000u\000n\000i\000c\000a\000t\000i\000o\000n}{section.3}% 7
\BOOKMARK [1][-]{section.4}{\376\377\000D\000a\000t\000a}{}% 8
\BOOKMARK [2][-]{subsection.4.1}{\376\377\000S\000p\000e\000e\000c\000h\000e\000s}{section.4}% 9
\BOOKMARK [2][-]{subsection.4.2}{\376\377\000A\000s\000s\000e\000t\000\040\000P\000r\000i\000c\000e\000s}{section.4}% 10
\BOOKMARK [2][-]{subsection.4.3}{\376\377\000C\000o\000n\000t\000r\000o\000l\000\040\000V\000a\000r\000i\000a\000b\000l\000e\000s}{section.4}% 11
\BOOKMARK [1][-]{section.5}{\376\377\000M\000e\000t\000h\000o\000d\000o\000l\000o\000g\000y}{}% 12
\BOOKMARK [2][-]{subsection.5.1}{\376\377\000S\000p\000e\000e\000c\000h\000\040\000D\000a\000t\000a\000\040\000S\000e\000t\000\040\000P\000r\000e\000p\000a\000r\000a\000t\000i\000o\000n}{section.5}% 13
\BOOKMARK [2][-]{subsection.5.2}{\376\377\000M\000e\000a\000s\000u\000r\000i\000n\000g\000\040\000t\000h\000e\000\040\000T\000o\000n\000e\000\040\000i\000n\000\040\000E\000C\000B\000\040\000S\000p\000e\000e\000c\000h\000e\000s}{section.5}% 14
\BOOKMARK [3][-]{subsubsection.5.2.1}{\376\377\000T\000h\000e\000\040\000P\000i\000c\000a\000u\000l\000t\000\040\000a\000n\000d\000\040\000R\000e\000n\000a\000u\000l\000t\000\040\000d\000i\000c\000t\000i\000o\000n\000a\000r\000y}{subsection.5.2}% 15
\BOOKMARK [3][-]{subsubsection.5.2.2}{\376\377\000T\000h\000e\000\040\000B\000e\000n\000n\000a\000n\000i\000\040\000a\000n\000d\000\040\000N\000e\000u\000e\000n\000k\000i\000r\000c\000h\000\040\000d\000i\000c\000t\000i\000o\000n\000a\000r\000y}{subsection.5.2}% 16
\BOOKMARK [3][-]{subsubsection.5.2.3}{\376\377\000T\000h\000e\000\040\000L\000o\000u\000g\000h\000r\000a\000n\000\040\000a\000n\000d\000\040\000M\000c\000D\000o\000n\000a\000l\000d\000\040\000d\000i\000c\000t\000i\000o\000n\000a\000r\000y}{subsection.5.2}% 17
\BOOKMARK [2][-]{subsection.5.3}{\376\377\000T\000h\000e\000\040\000E\000c\000o\000n\000o\000m\000e\000t\000r\000i\000c\000\040\000M\000o\000d\000e\000l}{section.5}% 18
\BOOKMARK [3][-]{subsubsection.5.3.1}{\376\377\000B\000a\000s\000e\000l\000i\000n\000e\000\040\000M\000o\000d\000e\000l}{subsection.5.3}% 19
\BOOKMARK [3][-]{subsubsection.5.3.2}{\376\377\000E\000x\000t\000e\000n\000d\000e\000d\000\040\000M\000o\000d\000e\000l\000\040\000f\000o\000r\000\040\000S\000p\000e\000a\000k\000e\000r\000\040\000R\000a\000n\000k}{subsection.5.3}% 20
\BOOKMARK [1][-]{section.6}{\376\377\000D\000e\000s\000c\000r\000i\000p\000t\000i\000v\000e\000\040\000S\000t\000a\000t\000i\000s\000t\000i\000c\000s}{}% 21
\BOOKMARK [2][-]{subsection.6.1}{\376\377\000F\000i\000r\000s\000t\000\040\000L\000o\000o\000k\000\040\000i\000n\000t\000o\000\040\000R\000a\000w\000\040\000S\000p\000e\000e\000c\000h\000e\000s}{section.6}% 22
\BOOKMARK [2][-]{subsection.6.2}{\376\377\000D\000i\000c\000t\000i\000o\000n\000a\000r\000y\000\040\000S\000e\000n\000t\000i\000m\000e\000n\000t\000s}{section.6}% 23
\BOOKMARK [2][-]{subsection.6.3}{\376\377\000D\000i\000c\000t\000i\000o\000n\000a\000r\000y\000\040\000S\000e\000n\000t\000i\000m\000e\000n\000t\000s\000\040\000v\000s\000.\000\040\000A\000s\000s\000e\000t\000\040\000P\000r\000i\000c\000e\000s}{section.6}% 24
\BOOKMARK [2][-]{subsection.6.4}{\376\377\000S\000p\000e\000a\000k\000e\000r\000\040\000S\000e\000n\000t\000i\000m\000e\000n\000t}{section.6}% 25
\BOOKMARK [1][-]{section.7}{\376\377\000E\000m\000p\000i\000r\000i\000c\000a\000l\000\040\000R\000e\000s\000u\000l\000t\000s}{}% 26
\BOOKMARK [2][-]{subsection.7.1}{\376\377\000I\000n\000t\000e\000r\000e\000s\000t\000\040\000R\000a\000t\000e\000\040\000R\000e\000a\000c\000t\000i\000o\000n\000\040\000t\000o\000\040\000S\000p\000e\000e\000c\000h\000e\000s}{section.7}% 27
\BOOKMARK [2][-]{subsection.7.2}{\376\377\000I\000n\000f\000l\000a\000t\000i\000o\000n\000\040\000E\000x\000p\000e\000c\000t\000a\000t\000i\000o\000n\000\040\000R\000e\000a\000c\000t\000i\000o\000n\000\040\000t\000o\000\040\000S\000p\000e\000e\000c\000h\000e\000s}{section.7}% 28
\BOOKMARK [2][-]{subsection.7.3}{\376\377\000S\000t\000o\000c\000k\000\040\000R\000e\000t\000u\000r\000n\000s\000\040\000R\000e\000a\000c\000t\000i\000o\000n\000\040\000t\000o\000\040\000S\000p\000e\000e\000c\000h\000e\000s}{section.7}% 29
\BOOKMARK [2][-]{subsection.7.4}{\376\377\000C\000r\000e\000d\000i\000t\000\040\000S\000p\000r\000e\000a\000d\000\040\000R\000e\000a\000c\000t\000i\000o\000n\000\040\000t\000o\000\040\000S\000p\000e\000e\000c\000h\000e\000s}{section.7}% 30
\BOOKMARK [2][-]{subsection.7.5}{\376\377\000D\000i\000f\000f\000e\000r\000e\000n\000c\000e\000s\000\040\000b\000y\000\040\000P\000o\000l\000i\000c\000y\000\040\000M\000a\000k\000e\000r\000s\000\040\000R\000a\000n\000k}{section.7}% 31
\BOOKMARK [1][-]{section.8}{\376\377\000C\000o\000m\000p\000a\000r\000i\000s\000o\000n\000\040\000a\000m\000o\000n\000g\000\040\000D\000i\000c\000t\000i\000o\000n\000a\000r\000i\000e\000s}{}% 32
\BOOKMARK [1][-]{section.9}{\376\377\000D\000i\000s\000c\000u\000s\000s\000i\000o\000n}{}% 33
\BOOKMARK [1][-]{section.10}{\376\377\000C\000o\000n\000c\000l\000u\000s\000i\000o\000n}{}% 34
\BOOKMARK [1][-]{appendix.A}{\376\377\000D\000a\000t\000a\000\040\000D\000e\000s\000c\000r\000i\000p\000t\000i\000v\000e\000s}{}% 35
\BOOKMARK [1][-]{appendix.B}{\376\377\000R\000e\000s\000u\000l\000t\000s}{}% 36
